2025-08-17T23:21:02 | touched: test/Seichain.test.js
2026-01-02T05:50:21 | touched: scripts/deploy.js
2025-09-13T17:57:58 | touched: contracts/Seichain.sol
2025-12-18T20:32:40 | touched: LICENSE
2025-10-21T00:51:06 | touched: .env.example
2026-01-11T05:12:55 | touched: scripts/deploy.js
2024-09-24T15:37:31 | touched: scripts/deploy.js
2024-04-14T12:29:36 | touched: LICENSE
2024-02-26T22:19:17 | touched: LICENSE
2025-02-11T03:20:33 | touched: test/Seichain.test.js
2024-09-02T15:39:54 | touched: package.json
2025-04-21T13:37:45 | touched: test/Seichain.test.js
2024-07-27T07:23:37 | touched: scripts/deploy.js
2026-01-02T06:13:53 | touched: test/Seichain.test.js
2025-05-14T16:55:07 | touched: README.md
2026-01-12T09:55:39 | touched: package.json
2025-11-25T16:01:37 | touched: package.json
2025-08-19T07:55:06 | touched: hardhat.config.js
2026-01-10T23:35:42 | touched: hardhat.config.js
2024-03-30T06:14:23 | touched: scripts/deploy.js
2026-01-06T06:03:09 | touched: scripts/deploy.js
2026-01-12T05:01:32 | touched: .env.example
2024-12-27T07:28:37 | touched: package.json
2026-01-23T08:46:40 | touched: scripts/deploy.js
2025-04-05T13:40:06 | touched: .env.example
2025-09-16T22:21:33 | touched: scripts/deploy.js
2025-12-09T18:52:43 | touched: scripts/deploy.js
2025-08-22T19:03:40 | touched: scripts/deploy.js
2025-09-05T02:00:37 | touched: test/Seichain.test.js
2025-04-05T07:36:42 | touched: contracts/Seichain.sol
2025-09-11T00:59:24 | touched: hardhat.config.js
2025-10-27T10:56:04 | touched: package.json
2025-05-18T15:31:04 | touched: hardhat.config.js
2025-11-14T06:58:24 | touched: contracts/Seichain.sol
2025-02-23T08:43:38 | touched: test/Seichain.test.js
2025-09-18T14:32:18 | touched: LICENSE
2025-08-26T13:17:23 | touched: test/Seichain.test.js
2025-04-06T16:29:19 | touched: README.md
2025-10-09T00:48:46 | touched: contracts/Seichain.sol
2025-01-09T03:55:42 | touched: scripts/deploy.js
2025-03-04T11:54:34 | touched: hardhat.config.js
2025-02-13T23:20:29 | touched: README.md
2025-08-24T18:03:06 | touched: test/Seichain.test.js
2025-11-17T11:10:08 | touched: scripts/deploy.js
2025-04-16T16:16:22 | touched: README.md
2025-02-20T02:39:26 | touched: scripts/deploy.js
2025-05-16T01:49:50 | touched: README.md
2025-04-11T05:29:56 | touched: README.md
2025-09-08T03:43:24 | touched: contracts/Seichain.sol
2025-02-17T13:04:49 | touched: test/Seichain.test.js
2025-11-10T09:37:39 | touched: README.md
2025-04-17T03:15:24 | touched: README.md
